/home/acu21jy/.conda/envs/project/lib/python3.9/site-packages/whisper/timing.py:58: NumbaDeprecationWarning: The 'nopython' keyword argument was not supplied to the 'numba.jit' decorator. The implicit default value for this argument is currently False, but it will be changed to True in Numba 0.59.0. See https://numba.readthedocs.io/en/stable/reference/deprecation.html#deprecation-of-object-mode-fall-back-behaviour-when-using-jit for details.
  def backtrace(trace: np.ndarray):
{'test': True, 'msbg': None, 'whisper': 'l', 'ratio': 0.5, 'model': 'medium.en', 'level': 'l', 'path': '/fastdata/acu21jy'}
Whisper Listener processing!
Start Process L0200_l
229
229
Start Process L0201_l
241
241
Start Process L0202_l
330
330
Start Process L0206_l
346
346
Start Process L0208_l
342
342
Start Process L0209_l
235
235
Start Process L0212_l
233
233
Start Process L0215_l
338
338
Start Process L0216_l
354
354
Start Process L0217_l
338
338
Start Process L0218_l
234
234
Start Process L0219_l
229
229
Start Process L0220_l
351
351
Start Process L0221_l
245
245
Start Process L0222_l
230
230
Start Process L0224_l
341
341
Start Process L0225_l
357
357
Start Process L0227_l
342
342
Start Process L0229_l
356
356
Start Process L0231_l
348
348
Start Process L0235_l
339
339
Start Process L0236_l
348
348
Start Process L0239_l
356
356
Start Process L0240_l
231
231
Start Process L0241_l
364
364
Start Process L0242_l
243
243
Start Process L0243_l
238
238
